\BOOKMARK [0][-]{chapter.1}{Introducci\363n}{}% 1
\BOOKMARK [0][-]{chapter.2}{Entrelazamiento cu\341ntico}{}% 2
\BOOKMARK [1][-]{section.2.1}{Descripci\363n de un sistema cu\341ntico}{chapter.2}% 3
\BOOKMARK [2][-]{subsection.2.1.1}{Sistemas compuestos}{section.2.1}% 4
\BOOKMARK [1][-]{section.2.2}{Entrelazamiento}{chapter.2}% 5
\BOOKMARK [2][-]{subsection.2.2.1}{Entrop\355a de Von Neumann}{section.2.2}% 6
\BOOKMARK [2][-]{subsection.2.2.2}{Estados puros}{section.2.2}% 7
\BOOKMARK [2][-]{subsection.2.2.3}{Estados mixtos}{section.2.2}% 8
\BOOKMARK [1][-]{section.2.3}{Entrop\355a de entrelazamiento}{chapter.2}% 9
\BOOKMARK [2][-]{subsection.2.3.1}{Propiedades}{section.2.3}% 10
\BOOKMARK [1][-]{section.2.4}{Medidas de entrelazamiento}{chapter.2}% 11
\BOOKMARK [2][-]{subsection.2.4.1}{Entrop\355a relativa}{section.2.4}% 12
\BOOKMARK [2][-]{subsection.2.4.2}{Informaci\363n mutua}{section.2.4}% 13
\BOOKMARK [2][-]{subsection.2.4.3}{Entrop\355as de R\351nyi}{section.2.4}% 14
\BOOKMARK [1][-]{section.2.5}{Entrop\355a en teor\355a cu\341ntica de campos}{chapter.2}% 15
\BOOKMARK [2][-]{subsection.2.5.1}{M\351todo de r\351plicas}{section.2.5}% 16
\BOOKMARK [2][-]{subsection.2.5.2}{Entrop\355as de R\351nyi en QFT}{section.2.5}% 17
\BOOKMARK [0][-]{chapter.3}{Entrop\355a en funci\363n del correlador y la resolvente}{}% 18
\BOOKMARK [1][-]{section.3.1}{Fermi\363n en 1+1}{chapter.3}% 19
\BOOKMARK [1][-]{section.3.2}{Entrop\355as de R\351nyi en funci\363n del correlador}{chapter.3}% 20
\BOOKMARK [1][-]{section.3.3}{Entrop\355as de R\351nyi en funci\363n de la resolvente}{chapter.3}% 21
\BOOKMARK [1][-]{section.3.4}{C\341lculo de la resolvente en el toro}{chapter.3}% 22
\BOOKMARK [2][-]{subsection.3.4.1}{Problema anal\355tico}{section.3.4}% 23
\BOOKMARK [0][-]{chapter.4}{Entrop\355as de R\351nyi}{}% 24
\BOOKMARK [0][-]{chapter.5}{Conclusiones}{}% 25
