This is pdfTeX, Version 3.14159265-2.6-1.40.21 (MiKTeX 20.6.29 Portable) (preloaded format=pdflatex 2020.9.21)  1 FEB 2022 01:15
entering extended mode
**./ch3.tex
(ch3.tex
LaTeX2e <2020-02-02> patch level 5
L3 programming layer <2020-06-18>
(D:\Computation\Programs\Portable\latex\miktex-portable\texmfs\install\tex/late
x/subfiles\subfiles.cls
Document Class: subfiles 2020/11/14 v2.2 Multi-file projects (class)
Preamble taken from file `../main.tex'

(D:\Computation\Programs\Portable\latex\miktex-portable\texmfs\install\tex/late
x/import\import.sty
Package: import 2020/04/01  v 6.2
) (../main.tex
(D:\Computation\Programs\Portable\latex\miktex-portable\texmfs\install\tex/late
x/base\book.cls
Document Class: book 2019/12/20 v1.4l Standard LaTeX document class

(D:\Computation\Programs\Portable\latex\miktex-portable\texmfs\install\tex/late
x/base\bk11.clo
File: bk11.clo 2019/12/20 v1.4l Standard LaTeX file (size option)
)
\c@part=\count167
\c@chapter=\count168
\c@section=\count169
\c@subsection=\count170
\c@subsubsection=\count171
\c@paragraph=\count172
\c@subparagraph=\count173
\c@figure=\count174
\c@table=\count175
\abovecaptionskip=\skip47
\belowcaptionskip=\skip48
\bibindent=\dimen134
)
(D:\Computation\Programs\Portable\latex\miktex-portable\texmfs\install\tex/gene
ric/babel\babel.sty
Package: babel 2020/06/10 3.45 The Babel package

(D:\Computation\Programs\Portable\latex\miktex-portable\texmfs\install\tex/gene
ric/babel\babel.def
File: babel.def 2020/06/10 3.45 Babel common definitions
\babel@savecnt=\count176
\U@D=\dimen135
\l@babelnohyphens=\language79

(D:\Computation\Programs\Portable\latex\miktex-portable\texmfs\install\tex/gene
ric/babel\txtbabel.def)
\bbl@readstream=\read2
)
\bbl@dirlevel=\count177

*************************************
* Local config file bblopts.cfg used
*

(D:\Computation\Programs\Portable\latex\miktex-portable\texmfs\install\tex/late
x/arabi\bblopts.cfg
File: bblopts.cfg 2005/09/08 v0.1 add Arabic and Farsi to "declared" options of
 babel
)
(D:\Computation\Programs\Portable\latex\miktex-portable\texmfs\install\tex/late
x/babel-spanish\spanish.ldf
Language: spanish.ldf 2016/03/03 v5.0p Spanish support from the babel system
\es@quottoks=\toks15
\es@quotdepth=\count178
Package babel Info: Making " an active character on input line 561.
Package babel Info: Making . an active character on input line 662.
Package babel Info: Making < an active character on input line 707.
Package babel Info: Making > an active character on input line 707.
))
(D:\Computation\Programs\Portable\latex\miktex-portable\texmfs\install\tex/late
x/base\inputenc.sty
Package: inputenc 2018/08/11 v1.3c Input encoding file
\inpenc@prehook=\toks16
\inpenc@posthook=\toks17
)
(D:\Computation\Programs\Portable\latex\miktex-portable\texmfs\install\tex/late
x/tools\indentfirst.sty
Package: indentfirst 1995/11/23 v1.03 Indent first paragraph (DPC)
)
(D:\Computation\Programs\Portable\latex\miktex-portable\texmfs\install\tex/late
x/geometry\geometry.sty
Package: geometry 2020/01/02 v5.9 Page Geometry

(D:\Computation\Programs\Portable\latex\miktex-portable\texmfs\install\tex/late
x/graphics\keyval.sty
Package: keyval 2014/10/28 v1.15 key=value parser (DPC)
\KV@toks@=\toks18
)
(D:\Computation\Programs\Portable\latex\miktex-portable\texmfs\install\tex/gene
ric/iftex\ifvtex.sty
Package: ifvtex 2019/10/25 v1.7 ifvtex legacy package. Use iftex instead.

(D:\Computation\Programs\Portable\latex\miktex-portable\texmfs\install\tex/gene
ric/iftex\iftex.sty
Package: iftex 2020/03/06 v1.0d TeX engine tests
))
\Gm@cnth=\count179
\Gm@cntv=\count180
\c@Gm@tempcnt=\count181
\Gm@bindingoffset=\dimen136
\Gm@wd@mp=\dimen137
\Gm@odd@mp=\dimen138
\Gm@even@mp=\dimen139
\Gm@layoutwidth=\dimen140
\Gm@layoutheight=\dimen141
\Gm@layouthoffset=\dimen142
\Gm@layoutvoffset=\dimen143
\Gm@dimlist=\toks19

(D:\Computation\Programs\Portable\latex\miktex-portable\texmfs\install\tex/late
x/geometry\geometry.cfg))
(D:\Computation\Programs\Portable\latex\miktex-portable\texmfs\install\tex/late
x/hyperref\hyperref.sty
Package: hyperref 2020-05-15 v7.00e Hypertext links for LaTeX

(D:\Computation\Programs\Portable\latex\miktex-portable\texmfs\install\tex/gene
ric/ltxcmds\ltxcmds.sty
Package: ltxcmds 2019/12/15 v1.24 LaTeX kernel commands for general use (HO)
)
(D:\Computation\Programs\Portable\latex\miktex-portable\texmfs\install\tex/gene
ric/pdftexcmds\pdftexcmds.sty
Package: pdftexcmds 2020-06-27 v0.33 Utility functions of pdfTeX for LuaTeX (HO
)

(D:\Computation\Programs\Portable\latex\miktex-portable\texmfs\install\tex/gene
ric/infwarerr\infwarerr.sty
Package: infwarerr 2019/12/03 v1.5 Providing info/warning/error messages (HO)
)
Package pdftexcmds Info: \pdf@primitive is available.
Package pdftexcmds Info: \pdf@ifprimitive is available.
Package pdftexcmds Info: \pdfdraftmode found.
)
(D:\Computation\Programs\Portable\latex\miktex-portable\texmfs\install\tex/gene
ric/kvsetkeys\kvsetkeys.sty
Package: kvsetkeys 2019/12/15 v1.18 Key value parser (HO)
)
(D:\Computation\Programs\Portable\latex\miktex-portable\texmfs\install\tex/gene
ric/kvdefinekeys\kvdefinekeys.sty
Package: kvdefinekeys 2019-12-19 v1.6 Define keys (HO)
)
(D:\Computation\Programs\Portable\latex\miktex-portable\texmfs\install\tex/gene
ric/pdfescape\pdfescape.sty
Package: pdfescape 2019/12/09 v1.15 Implements pdfTeX's escape features (HO)
)
(D:\Computation\Programs\Portable\latex\miktex-portable\texmfs\install\tex/late
x/hycolor\hycolor.sty
Package: hycolor 2020-01-27 v1.10 Color options for hyperref/bookmark (HO)
)
(D:\Computation\Programs\Portable\latex\miktex-portable\texmfs\install\tex/late
x/letltxmacro\letltxmacro.sty
Package: letltxmacro 2019/12/03 v1.6 Let assignment for LaTeX macros (HO)
)
(D:\Computation\Programs\Portable\latex\miktex-portable\texmfs\install\tex/late
x/auxhook\auxhook.sty
Package: auxhook 2019-12-17 v1.6 Hooks for auxiliary files (HO)
)
(D:\Computation\Programs\Portable\latex\miktex-portable\texmfs\install\tex/late
x/kvoptions\kvoptions.sty
Package: kvoptions 2019/11/29 v3.13 Key value format for package options (HO)
)
\@linkdim=\dimen144
\Hy@linkcounter=\count182
\Hy@pagecounter=\count183

(D:\Computation\Programs\Portable\latex\miktex-portable\texmfs\install\tex/late
x/hyperref\pd1enc.def
File: pd1enc.def 2020-05-15 v7.00e Hyperref: PDFDocEncoding definition (HO)
Now handling font encoding PD1 ...
... no UTF-8 mapping file for font encoding PD1
)
(D:\Computation\Programs\Portable\latex\miktex-portable\texmfs\install\tex/gene
ric/intcalc\intcalc.sty
Package: intcalc 2019/12/15 v1.3 Expandable calculations with integers (HO)
)
(D:\Computation\Programs\Portable\latex\miktex-portable\texmfs\install\tex/gene
ric/etexcmds\etexcmds.sty
Package: etexcmds 2019/12/15 v1.7 Avoid name clashes with e-TeX commands (HO)
)
\Hy@SavedSpaceFactor=\count184
Package hyperref Info: Hyper figures OFF on input line 4464.
Package hyperref Info: Link nesting OFF on input line 4469.
Package hyperref Info: Hyper index ON on input line 4472.
Package hyperref Info: Plain pages OFF on input line 4479.
Package hyperref Info: Backreferencing OFF on input line 4484.
Package hyperref Info: Implicit mode ON; LaTeX internals redefined.
Package hyperref Info: Bookmarks ON on input line 4717.
\c@Hy@tempcnt=\count185

(D:\Computation\Programs\Portable\latex\miktex-portable\texmfs\install\tex/late
x/url\url.sty
\Urlmuskip=\muskip16
Package: url 2013/09/16  ver 3.4  Verb mode for urls, etc.
)
LaTeX Info: Redefining \url on input line 5076.
\XeTeXLinkMargin=\dimen145

(D:\Computation\Programs\Portable\latex\miktex-portable\texmfs\install\tex/gene
ric/bitset\bitset.sty
Package: bitset 2019/12/09 v1.3 Handle bit-vector datatype (HO)

(D:\Computation\Programs\Portable\latex\miktex-portable\texmfs\install\tex/gene
ric/bigintcalc\bigintcalc.sty
Package: bigintcalc 2019/12/15 v1.5 Expandable calculations on big integers (HO
)
))
\Fld@menulength=\count186
\Field@Width=\dimen146
\Fld@charsize=\dimen147
Package hyperref Info: Hyper figures OFF on input line 6347.
Package hyperref Info: Link nesting OFF on input line 6352.
Package hyperref Info: Hyper index ON on input line 6355.
Package hyperref Info: backreferencing OFF on input line 6362.
Package hyperref Info: Link coloring OFF on input line 6367.
Package hyperref Info: Link coloring with OCG OFF on input line 6372.
Package hyperref Info: PDF/A mode OFF on input line 6377.
LaTeX Info: Redefining \ref on input line 6417.
LaTeX Info: Redefining \pageref on input line 6421.

(D:\Computation\Programs\Portable\latex\miktex-portable\texmfs\install\tex/gene
ric/atbegshi\atbegshi.sty
Package: atbegshi 2019/12/05 v1.19 At begin shipout hook (HO)
)
\Hy@abspage=\count187
\c@Item=\count188
\c@Hfootnote=\count189
)
Package hyperref Info: Driver (autodetected): hpdftex.

(D:\Computation\Programs\Portable\latex\miktex-portable\texmfs\install\tex/late
x/hyperref\hpdftex.def
File: hpdftex.def 2020-05-15 v7.00e Hyperref driver for pdfTeX

(D:\Computation\Programs\Portable\latex\miktex-portable\texmfs\install\tex/late
x/atveryend\atveryend.sty
Package: atveryend 2019-12-11 v1.11 Hooks at the very end of document (HO)
Package atveryend Info: \enddocument detected (standard20110627).
)
\Fld@listcount=\count190
\c@bookmark@seq@number=\count191

(D:\Computation\Programs\Portable\latex\miktex-portable\texmfs\install\tex/late
x/rerunfilecheck\rerunfilecheck.sty
Package: rerunfilecheck 2019/12/05 v1.9 Rerun checks for auxiliary files (HO)

(D:\Computation\Programs\Portable\latex\miktex-portable\texmfs\install\tex/gene
ric/uniquecounter\uniquecounter.sty
Package: uniquecounter 2019/12/15 v1.4 Provide unlimited unique counter (HO)
)
Package uniquecounter Info: New unique counter `rerunfilecheck' on input line 2
86.
)
\Hy@SectionHShift=\skip49
)
Package hyperref Info: Option `colorlinks' set `true' on input line 17.

(D:\Computation\Programs\Portable\latex\miktex-portable\texmfs\install\tex/late
x/subfiles\subfiles.sty
Package: subfiles 2020/11/14 v2.2 Multi-file projects (package)
)
(D:\Computation\Programs\Portable\latex\miktex-portable\texmfs\install\tex/late
x/amsmath\amsmath.sty
Package: amsmath 2020/01/20 v2.17e AMS math features
\@mathmargin=\skip50

For additional information on amsmath, use the `?' option.

(D:\Computation\Programs\Portable\latex\miktex-portable\texmfs\install\tex/late
x/amsmath\amstext.sty
Package: amstext 2000/06/29 v2.01 AMS text

(D:\Computation\Programs\Portable\latex\miktex-portable\texmfs\install\tex/late
x/amsmath\amsgen.sty
File: amsgen.sty 1999/11/30 v2.0 generic functions
\@emptytoks=\toks20
\ex@=\dimen148
))
(D:\Computation\Programs\Portable\latex\miktex-portable\texmfs\install\tex/late
x/amsmath\amsbsy.sty
Package: amsbsy 1999/11/29 v1.2d Bold Symbols
\pmbraise@=\dimen149
)
(D:\Computation\Programs\Portable\latex\miktex-portable\texmfs\install\tex/late
x/amsmath\amsopn.sty
Package: amsopn 2016/03/08 v2.02 operator names
)
\inf@bad=\count192
LaTeX Info: Redefining \frac on input line 227.
\uproot@=\count193
\leftroot@=\count194
LaTeX Info: Redefining \overline on input line 389.
\classnum@=\count195
\DOTSCASE@=\count196
LaTeX Info: Redefining \ldots on input line 486.
LaTeX Info: Redefining \dots on input line 489.
LaTeX Info: Redefining \cdots on input line 610.
\Mathstrutbox@=\box45
\strutbox@=\box46
\big@size=\dimen150
LaTeX Font Info:    Redeclaring font encoding OML on input line 733.
LaTeX Font Info:    Redeclaring font encoding OMS on input line 734.
\macc@depth=\count197
\c@MaxMatrixCols=\count198
\dotsspace@=\muskip17
\c@parentequation=\count199
\dspbrk@lvl=\count266
\tag@help=\toks21
\row@=\count267
\column@=\count268
\maxfields@=\count269
\andhelp@=\toks22
\eqnshift@=\dimen151
\alignsep@=\dimen152
\tagshift@=\dimen153
\tagwidth@=\dimen154
\totwidth@=\dimen155
\lineht@=\dimen156
\@envbody=\toks23
\multlinegap=\skip51
\multlinetaggap=\skip52
\mathdisplay@stack=\toks24
LaTeX Info: Redefining \[ on input line 2859.
LaTeX Info: Redefining \] on input line 2860.
)
(D:\Computation\Programs\Portable\latex\miktex-portable\texmfs\install\tex/late
x/amsfonts\amsfonts.sty
Package: amsfonts 2013/01/14 v3.01 Basic AMSFonts support
\symAMSa=\mathgroup4
\symAMSb=\mathgroup5
LaTeX Font Info:    Redeclaring math symbol \hbar on input line 98.
LaTeX Font Info:    Overwriting math alphabet `\mathfrak' in version `bold'
(Font)                  U/euf/m/n --> U/euf/b/n on input line 106.
)
(D:\Computation\Programs\Portable\latex\miktex-portable\texmfs\install\tex/late
x/enumitem\enumitem.sty
Package: enumitem 2019/06/20 v3.9 Customized lists
\labelindent=\skip53
\enit@outerparindent=\dimen157
\enit@toks=\toks25
\enit@inbox=\box47
\enit@count@id=\count270
\enitdp@description=\count271
)
(D:\Computation\Programs\Portable\latex\miktex-portable\texmfs\install\tex/late
x/fancyhdr\fancyhdr.sty
Package: fancyhdr 2019/01/31 v3.10 Extensive control of page headers and footer
s
\f@nch@headwidth=\skip54
\f@nch@O@elh=\skip55
\f@nch@O@erh=\skip56
\f@nch@O@olh=\skip57
\f@nch@O@orh=\skip58
\f@nch@O@elf=\skip59
\f@nch@O@erf=\skip60
\f@nch@O@olf=\skip61
\f@nch@O@orf=\skip62
)))
(D:\Computation\Programs\Portable\latex\miktex-portable\texmfs\install\tex/late
x/l3backend\l3backend-pdfmode.def
File: l3backend-pdfmode.def 2020-06-29 L3 backend support: PDF mode
\l__kernel_color_stack_int=\count272
\l__pdf_internal_box=\box48
) (ch3.aux
LaTeX Info: Redefining \. on input line 25.
LaTeX Info: Redefining \% on input line 25.
)
\openout1 = `ch3.aux'.

LaTeX Font Info:    Checking defaults for OML/cmm/m/it on input line 3.
LaTeX Font Info:    ... okay on input line 3.
LaTeX Font Info:    Checking defaults for OMS/cmsy/m/n on input line 3.
LaTeX Font Info:    ... okay on input line 3.
LaTeX Font Info:    Checking defaults for OT1/cmr/m/n on input line 3.
LaTeX Font Info:    ... okay on input line 3.
LaTeX Font Info:    Checking defaults for T1/cmr/m/n on input line 3.
LaTeX Font Info:    ... okay on input line 3.
LaTeX Font Info:    Checking defaults for TS1/cmr/m/n on input line 3.
LaTeX Font Info:    ... okay on input line 3.
LaTeX Font Info:    Checking defaults for OMX/cmex/m/n on input line 3.
LaTeX Font Info:    ... okay on input line 3.
LaTeX Font Info:    Checking defaults for U/cmr/m/n on input line 3.
LaTeX Font Info:    ... okay on input line 3.
LaTeX Font Info:    Checking defaults for PD1/pdf/m/n on input line 3.
LaTeX Font Info:    ... okay on input line 3.
LaTeX Info: Redefining \. on input line 3.
LaTeX Info: Redefining \% on input line 3.

*geometry* driver: auto-detecting
*geometry* detected driver: pdftex
*geometry* verbose mode - [ preamble ] result:
* driver: pdftex
* paper: a4paper
* layout: <same size as paper>
* layoutoffset:(h,v)=(0.0pt,0.0pt)
* modes: 
* h-part:(L,W,R)=(56.9055pt, 483.69687pt, 56.9055pt)
* v-part:(T,H,B)=(85.35826pt, 674.33032pt, 85.35826pt)
* \paperwidth=597.50787pt
* \paperheight=845.04684pt
* \textwidth=483.69687pt
* \textheight=674.33032pt
* \oddsidemargin=-15.36449pt
* \evensidemargin=-15.36449pt
* \topmargin=-18.78552pt
* \headheight=12.0pt
* \headsep=19.8738pt
* \topskip=11.0pt
* \footskip=27.46295pt
* \marginparwidth=53.0pt
* \marginparsep=7.0pt
* \columnsep=10.0pt
* \skip\footins=10.0pt plus 4.0pt minus 2.0pt
* \hoffset=0.0pt
* \voffset=0.0pt
* \mag=1000
* \@twocolumnfalse
* \@twosidefalse
* \@mparswitchfalse
* \@reversemarginfalse
* (1in=72.27pt=25.4mm, 1cm=28.453pt)

\AtBeginShipoutBox=\box49

(D:\Computation\Programs\Portable\latex\miktex-portable\texmfs\install\tex/late
x/graphics\color.sty
Package: color 2019/11/23 v1.2a Standard LaTeX Color (DPC)

(D:\Computation\Programs\Portable\latex\miktex-portable\texmfs\install\tex/late
x/graphics-cfg\color.cfg
File: color.cfg 2016/01/02 v1.6 sample color configuration
)
Package color Info: Driver file: pdftex.def on input line 147.

(D:\Computation\Programs\Portable\latex\miktex-portable\texmfs\install\tex/late
x/graphics-def\pdftex.def
File: pdftex.def 2018/01/08 v1.0l Graphics/color driver for pdftex

(D:\Computation\Programs\Portable\latex\miktex-portable\texmfs\install\tex/cont
ext/base/mkii\supp-pdf.mkii
[Loading MPS to PDF converter (version 2006.09.02).]
\scratchcounter=\count273
\scratchdimen=\dimen158
\scratchbox=\box50
\nofMPsegments=\count274
\nofMParguments=\count275
\everyMPshowfont=\toks26
\MPscratchCnt=\count276
\MPscratchDim=\dimen159
\MPnumerator=\count277
\makeMPintoPDFobject=\count278
\everyMPtoPDFconversion=\toks27
)))
Package hyperref Info: Link coloring ON on input line 3.

(D:\Computation\Programs\Portable\latex\miktex-portable\texmfs\install\tex/late
x/hyperref\nameref.sty
Package: nameref 2019/09/16 v2.46 Cross-referencing by name of section

(D:\Computation\Programs\Portable\latex\miktex-portable\texmfs\install\tex/late
x/refcount\refcount.sty
Package: refcount 2019/12/15 v3.6 Data extraction from label references (HO)
)
(D:\Computation\Programs\Portable\latex\miktex-portable\texmfs\install\tex/gene
ric/gettitlestring\gettitlestring.sty
Package: gettitlestring 2019/12/15 v1.6 Cleanup title references (HO)
)
\c@section@level=\count279
)
LaTeX Info: Redefining \ref on input line 3.
LaTeX Info: Redefining \pageref on input line 3.
LaTeX Info: Redefining \nameref on input line 3.
 (ch3.out) (ch3.out)
\@outlinefile=\write3
\openout3 = `ch3.out'.


Cap\'{\i }tulo 3.
LaTeX Font Info:    Trying to load font information for U+msa on input line 13.


(D:\Computation\Programs\Portable\latex\miktex-portable\texmfs\install\tex/late
x/amsfonts\umsa.fd
File: umsa.fd 2013/01/14 v3.01 AMS symbols A
)
LaTeX Font Info:    Trying to load font information for U+msb on input line 13.


(D:\Computation\Programs\Portable\latex\miktex-portable\texmfs\install\tex/late
x/amsfonts\umsb.fd
File: umsb.fd 2013/01/14 v3.01 AMS symbols B
) [1


{D:/Computation/Programs/Portable/latex/miktex-portable/texmfs/data/pdftex/conf
ig/pdftex.map}]
LaTeX Info: Redefining \. on input line 68.
LaTeX Info: Redefining \% on input line 68.


Package Fancyhdr Warning: \headheight is too small (12.0pt): 
Make it at least 13.59999pt.
We now make it that large for the rest of the document.
This may cause the page layout to be inconsistent, however.

[2]
LaTeX Info: Redefining \. on input line 103.
LaTeX Info: Redefining \% on input line 103.
 [3]
LaTeX Info: Redefining \. on input line 138.
LaTeX Info: Redefining \% on input line 138.
 [4]
Package atveryend Info: Empty hook `BeforeClearDocument' on input line 183.
LaTeX Info: Redefining \. on input line 183.
LaTeX Info: Redefining \% on input line 183.
 [5]
Package atveryend Info: Empty hook `AfterLastShipout' on input line 183.
 (ch3.aux
LaTeX Info: Redefining \. on input line 25.
LaTeX Info: Redefining \% on input line 25.
)
Package atveryend Info: Executing hook `AtVeryEndDocument' on input line 183.
Package atveryend Info: Executing hook `AtEndAfterFileList' on input line 183.


Package rerunfilecheck Warning: File `ch3.out' has changed.
(rerunfilecheck)                Rerun to get outlines right
(rerunfilecheck)                or use package `bookmark'.

Package rerunfilecheck Info: Checksums for `ch3.out':
(rerunfilecheck)             Before: E47276C1FE3C6A87B0565119C40A40EB;438
(rerunfilecheck)             After:  112D6D38F54E2FC473F2E30E2340E064;512.
Package atveryend Info: Empty hook `AtVeryVeryEnd' on input line 183.
 ) 
Here is how much of TeX's memory you used:
 7802 strings out of 480790
 122614 string characters out of 2902442
 412279 words of memory out of 3000000
 23634 multiletter control sequences out of 15000+200000
 539763 words of font info for 51 fonts, out of 3000000 for 9000
 1141 hyphenation exceptions out of 8191
 48i,14n,51p,803b,548s stack positions out of 5000i,500n,10000p,200000b,50000s
<D:/Computation/Programs/Portable/latex/miktex-portable/texmfs/install/fonts/
type1/public/amsfonts/cm/cmbx10.pfb><D:/Computation/Programs/Portable/latex/mik
tex-portable/texmfs/install/fonts/type1/public/amsfonts/cm/cmbx12.pfb><D:/Compu
tation/Programs/Portable/latex/miktex-portable/texmfs/install/fonts/type1/publi
c/amsfonts/cm/cmex10.pfb><D:/Computation/Programs/Portable/latex/miktex-portabl
e/texmfs/install/fonts/type1/public/amsfonts/cmextra/cmex8.pfb><D:/Computation/
Programs/Portable/latex/miktex-portable/texmfs/install/fonts/type1/public/amsfo
nts/cm/cmmi10.pfb><D:/Computation/Programs/Portable/latex/miktex-portable/texmf
s/install/fonts/type1/public/amsfonts/cm/cmmi6.pfb><D:/Computation/Programs/Por
table/latex/miktex-portable/texmfs/install/fonts/type1/public/amsfonts/cm/cmmi8
.pfb><D:/Computation/Programs/Portable/latex/miktex-portable/texmfs/install/fon
ts/type1/public/amsfonts/cm/cmr10.pfb><D:/Computation/Programs/Portable/latex/m
iktex-portable/texmfs/install/fonts/type1/public/amsfonts/cm/cmr6.pfb><D:/Compu
tation/Programs/Portable/latex/miktex-portable/texmfs/install/fonts/type1/publi
c/amsfonts/cm/cmr8.pfb><D:/Computation/Programs/Portable/latex/miktex-portable/
texmfs/install/fonts/type1/public/amsfonts/cm/cmsy10.pfb><D:/Computation/Progra
ms/Portable/latex/miktex-portable/texmfs/install/fonts/type1/public/amsfonts/cm
/cmsy6.pfb><D:/Computation/Programs/Portable/latex/miktex-portable/texmfs/insta
ll/fonts/type1/public/amsfonts/cm/cmsy8.pfb><D:/Computation/Programs/Portable/l
atex/miktex-portable/texmfs/install/fonts/type1/public/amsfonts/cm/cmti10.pfb><
D:/Computation/Programs/Portable/latex/miktex-portable/texmfs/install/fonts/typ
e1/public/amsfonts/symbols/msbm10.pfb>
Output written on ch3.pdf (5 pages, 185887 bytes).
PDF statistics:
 139 PDF objects out of 1000 (max. 8388607)
 34 named destinations out of 1000 (max. 500000)
 41 words of extra memory for PDF output out of 10000 (max. 10000000)

