This is pdfTeX, Version 3.14159265-2.6-1.40.21 (MiKTeX 20.6.29 Portable) (preloaded format=pdflatex 2020.9.21)  22 JAN 2022 09:57
entering extended mode
**./ch1.tex
(ch1.tex
LaTeX2e <2020-02-02> patch level 5
L3 programming layer <2020-06-18>
(D:\Computation\Programs\Portable\latex\miktex-portable\texmfs\install\tex/late
x/subfiles\subfiles.cls
Document Class: subfiles 2020/11/14 v2.2 Multi-file projects (class)
Preamble taken from file `../main.tex'

(D:\Computation\Programs\Portable\latex\miktex-portable\texmfs\install\tex/late
x/import\import.sty
Package: import 2020/04/01  v 6.2
) (../main.tex
(D:\Computation\Programs\Portable\latex\miktex-portable\texmfs\install\tex/late
x/base\book.cls
Document Class: book 2019/12/20 v1.4l Standard LaTeX document class

(D:\Computation\Programs\Portable\latex\miktex-portable\texmfs\install\tex/late
x/base\bk11.clo
File: bk11.clo 2019/12/20 v1.4l Standard LaTeX file (size option)
)
\c@part=\count167
\c@chapter=\count168
\c@section=\count169
\c@subsection=\count170
\c@subsubsection=\count171
\c@paragraph=\count172
\c@subparagraph=\count173
\c@figure=\count174
\c@table=\count175
\abovecaptionskip=\skip47
\belowcaptionskip=\skip48
\bibindent=\dimen134
)
(D:\Computation\Programs\Portable\latex\miktex-portable\texmfs\install\tex/gene
ric/babel\babel.sty
Package: babel 2020/06/10 3.45 The Babel package

(D:\Computation\Programs\Portable\latex\miktex-portable\texmfs\install\tex/gene
ric/babel\babel.def
File: babel.def 2020/06/10 3.45 Babel common definitions
\babel@savecnt=\count176
\U@D=\dimen135
\l@babelnohyphens=\language79

(D:\Computation\Programs\Portable\latex\miktex-portable\texmfs\install\tex/gene
ric/babel\txtbabel.def)
\bbl@readstream=\read2
)
\bbl@dirlevel=\count177

*************************************
* Local config file bblopts.cfg used
*

(D:\Computation\Programs\Portable\latex\miktex-portable\texmfs\install\tex/late
x/arabi\bblopts.cfg
File: bblopts.cfg 2005/09/08 v0.1 add Arabic and Farsi to "declared" options of
 babel
)
(D:\Computation\Programs\Portable\latex\miktex-portable\texmfs\install\tex/late
x/babel-spanish\spanish.ldf
Language: spanish.ldf 2016/03/03 v5.0p Spanish support from the babel system
\es@quottoks=\toks15
\es@quotdepth=\count178
Package babel Info: Making " an active character on input line 561.
Package babel Info: Making . an active character on input line 662.
Package babel Info: Making < an active character on input line 707.
Package babel Info: Making > an active character on input line 707.
))
(D:\Computation\Programs\Portable\latex\miktex-portable\texmfs\install\tex/late
x/base\inputenc.sty
Package: inputenc 2018/08/11 v1.3c Input encoding file
\inpenc@prehook=\toks16
\inpenc@posthook=\toks17
)
(D:\Computation\Programs\Portable\latex\miktex-portable\texmfs\install\tex/late
x/tools\indentfirst.sty
Package: indentfirst 1995/11/23 v1.03 Indent first paragraph (DPC)
)
(D:\Computation\Programs\Portable\latex\miktex-portable\texmfs\install\tex/late
x/geometry\geometry.sty
Package: geometry 2020/01/02 v5.9 Page Geometry

(D:\Computation\Programs\Portable\latex\miktex-portable\texmfs\install\tex/late
x/graphics\keyval.sty
Package: keyval 2014/10/28 v1.15 key=value parser (DPC)
\KV@toks@=\toks18
)
(D:\Computation\Programs\Portable\latex\miktex-portable\texmfs\install\tex/gene
ric/iftex\ifvtex.sty
Package: ifvtex 2019/10/25 v1.7 ifvtex legacy package. Use iftex instead.

(D:\Computation\Programs\Portable\latex\miktex-portable\texmfs\install\tex/gene
ric/iftex\iftex.sty
Package: iftex 2020/03/06 v1.0d TeX engine tests
))
\Gm@cnth=\count179
\Gm@cntv=\count180
\c@Gm@tempcnt=\count181
\Gm@bindingoffset=\dimen136
\Gm@wd@mp=\dimen137
\Gm@odd@mp=\dimen138
\Gm@even@mp=\dimen139
\Gm@layoutwidth=\dimen140
\Gm@layoutheight=\dimen141
\Gm@layouthoffset=\dimen142
\Gm@layoutvoffset=\dimen143
\Gm@dimlist=\toks19

(D:\Computation\Programs\Portable\latex\miktex-portable\texmfs\install\tex/late
x/geometry\geometry.cfg))
(D:\Computation\Programs\Portable\latex\miktex-portable\texmfs\install\tex/late
x/hyperref\hyperref.sty
Package: hyperref 2020-05-15 v7.00e Hypertext links for LaTeX

(D:\Computation\Programs\Portable\latex\miktex-portable\texmfs\install\tex/gene
ric/ltxcmds\ltxcmds.sty
Package: ltxcmds 2019/12/15 v1.24 LaTeX kernel commands for general use (HO)
)
(D:\Computation\Programs\Portable\latex\miktex-portable\texmfs\install\tex/gene
ric/pdftexcmds\pdftexcmds.sty
Package: pdftexcmds 2020-06-27 v0.33 Utility functions of pdfTeX for LuaTeX (HO
)

(D:\Computation\Programs\Portable\latex\miktex-portable\texmfs\install\tex/gene
ric/infwarerr\infwarerr.sty
Package: infwarerr 2019/12/03 v1.5 Providing info/warning/error messages (HO)
)
Package pdftexcmds Info: \pdf@primitive is available.
Package pdftexcmds Info: \pdf@ifprimitive is available.
Package pdftexcmds Info: \pdfdraftmode found.
)
(D:\Computation\Programs\Portable\latex\miktex-portable\texmfs\install\tex/gene
ric/kvsetkeys\kvsetkeys.sty
Package: kvsetkeys 2019/12/15 v1.18 Key value parser (HO)
)
(D:\Computation\Programs\Portable\latex\miktex-portable\texmfs\install\tex/gene
ric/kvdefinekeys\kvdefinekeys.sty
Package: kvdefinekeys 2019-12-19 v1.6 Define keys (HO)
)
(D:\Computation\Programs\Portable\latex\miktex-portable\texmfs\install\tex/gene
ric/pdfescape\pdfescape.sty
Package: pdfescape 2019/12/09 v1.15 Implements pdfTeX's escape features (HO)
)
(D:\Computation\Programs\Portable\latex\miktex-portable\texmfs\install\tex/late
x/hycolor\hycolor.sty
Package: hycolor 2020-01-27 v1.10 Color options for hyperref/bookmark (HO)
)
(D:\Computation\Programs\Portable\latex\miktex-portable\texmfs\install\tex/late
x/letltxmacro\letltxmacro.sty
Package: letltxmacro 2019/12/03 v1.6 Let assignment for LaTeX macros (HO)
)
(D:\Computation\Programs\Portable\latex\miktex-portable\texmfs\install\tex/late
x/auxhook\auxhook.sty
Package: auxhook 2019-12-17 v1.6 Hooks for auxiliary files (HO)
)
(D:\Computation\Programs\Portable\latex\miktex-portable\texmfs\install\tex/late
x/kvoptions\kvoptions.sty
Package: kvoptions 2019/11/29 v3.13 Key value format for package options (HO)
)
\@linkdim=\dimen144
\Hy@linkcounter=\count182
\Hy@pagecounter=\count183

(D:\Computation\Programs\Portable\latex\miktex-portable\texmfs\install\tex/late
x/hyperref\pd1enc.def
File: pd1enc.def 2020-05-15 v7.00e Hyperref: PDFDocEncoding definition (HO)
Now handling font encoding PD1 ...
... no UTF-8 mapping file for font encoding PD1
)
(D:\Computation\Programs\Portable\latex\miktex-portable\texmfs\install\tex/gene
ric/intcalc\intcalc.sty
Package: intcalc 2019/12/15 v1.3 Expandable calculations with integers (HO)
)
(D:\Computation\Programs\Portable\latex\miktex-portable\texmfs\install\tex/gene
ric/etexcmds\etexcmds.sty
Package: etexcmds 2019/12/15 v1.7 Avoid name clashes with e-TeX commands (HO)
)
\Hy@SavedSpaceFactor=\count184
Package hyperref Info: Hyper figures OFF on input line 4464.
Package hyperref Info: Link nesting OFF on input line 4469.
Package hyperref Info: Hyper index ON on input line 4472.
Package hyperref Info: Plain pages OFF on input line 4479.
Package hyperref Info: Backreferencing OFF on input line 4484.
Package hyperref Info: Implicit mode ON; LaTeX internals redefined.
Package hyperref Info: Bookmarks ON on input line 4717.
\c@Hy@tempcnt=\count185

(D:\Computation\Programs\Portable\latex\miktex-portable\texmfs\install\tex/late
x/url\url.sty
\Urlmuskip=\muskip16
Package: url 2013/09/16  ver 3.4  Verb mode for urls, etc.
)
LaTeX Info: Redefining \url on input line 5076.
\XeTeXLinkMargin=\dimen145

(D:\Computation\Programs\Portable\latex\miktex-portable\texmfs\install\tex/gene
ric/bitset\bitset.sty
Package: bitset 2019/12/09 v1.3 Handle bit-vector datatype (HO)

(D:\Computation\Programs\Portable\latex\miktex-portable\texmfs\install\tex/gene
ric/bigintcalc\bigintcalc.sty
Package: bigintcalc 2019/12/15 v1.5 Expandable calculations on big integers (HO
)
))
\Fld@menulength=\count186
\Field@Width=\dimen146
\Fld@charsize=\dimen147
Package hyperref Info: Hyper figures OFF on input line 6347.
Package hyperref Info: Link nesting OFF on input line 6352.
Package hyperref Info: Hyper index ON on input line 6355.
Package hyperref Info: backreferencing OFF on input line 6362.
Package hyperref Info: Link coloring OFF on input line 6367.
Package hyperref Info: Link coloring with OCG OFF on input line 6372.
Package hyperref Info: PDF/A mode OFF on input line 6377.
LaTeX Info: Redefining \ref on input line 6417.
LaTeX Info: Redefining \pageref on input line 6421.

(D:\Computation\Programs\Portable\latex\miktex-portable\texmfs\install\tex/gene
ric/atbegshi\atbegshi.sty
Package: atbegshi 2019/12/05 v1.19 At begin shipout hook (HO)
)
\Hy@abspage=\count187
\c@Item=\count188
\c@Hfootnote=\count189
)
Package hyperref Info: Driver (autodetected): hpdftex.

(D:\Computation\Programs\Portable\latex\miktex-portable\texmfs\install\tex/late
x/hyperref\hpdftex.def
File: hpdftex.def 2020-05-15 v7.00e Hyperref driver for pdfTeX

(D:\Computation\Programs\Portable\latex\miktex-portable\texmfs\install\tex/late
x/atveryend\atveryend.sty
Package: atveryend 2019-12-11 v1.11 Hooks at the very end of document (HO)
Package atveryend Info: \enddocument detected (standard20110627).
)
\Fld@listcount=\count190
\c@bookmark@seq@number=\count191

(D:\Computation\Programs\Portable\latex\miktex-portable\texmfs\install\tex/late
x/rerunfilecheck\rerunfilecheck.sty
Package: rerunfilecheck 2019/12/05 v1.9 Rerun checks for auxiliary files (HO)

(D:\Computation\Programs\Portable\latex\miktex-portable\texmfs\install\tex/gene
ric/uniquecounter\uniquecounter.sty
Package: uniquecounter 2019/12/15 v1.4 Provide unlimited unique counter (HO)
)
Package uniquecounter Info: New unique counter `rerunfilecheck' on input line 2
86.
)
\Hy@SectionHShift=\skip49
)
Package hyperref Info: Option `colorlinks' set `true' on input line 15.

(D:\Computation\Programs\Portable\latex\miktex-portable\texmfs\install\tex/late
x/subfiles\subfiles.sty
Package: subfiles 2020/11/14 v2.2 Multi-file projects (package)
)))
(D:\Computation\Programs\Portable\latex\miktex-portable\texmfs\install\tex/late
x/l3backend\l3backend-pdfmode.def
File: l3backend-pdfmode.def 2020-06-29 L3 backend support: PDF mode
\l__kernel_color_stack_int=\count192
\l__pdf_internal_box=\box45
)
No file ch1.aux.
\openout1 = `ch1.aux'.

LaTeX Font Info:    Checking defaults for OML/cmm/m/it on input line 3.
LaTeX Font Info:    ... okay on input line 3.
LaTeX Font Info:    Checking defaults for OMS/cmsy/m/n on input line 3.
LaTeX Font Info:    ... okay on input line 3.
LaTeX Font Info:    Checking defaults for OT1/cmr/m/n on input line 3.
LaTeX Font Info:    ... okay on input line 3.
LaTeX Font Info:    Checking defaults for T1/cmr/m/n on input line 3.
LaTeX Font Info:    ... okay on input line 3.
LaTeX Font Info:    Checking defaults for TS1/cmr/m/n on input line 3.
LaTeX Font Info:    ... okay on input line 3.
LaTeX Font Info:    Checking defaults for OMX/cmex/m/n on input line 3.
LaTeX Font Info:    ... okay on input line 3.
LaTeX Font Info:    Checking defaults for U/cmr/m/n on input line 3.
LaTeX Font Info:    ... okay on input line 3.
LaTeX Font Info:    Checking defaults for PD1/pdf/m/n on input line 3.
LaTeX Font Info:    ... okay on input line 3.
LaTeX Info: Redefining \. on input line 3.
LaTeX Info: Redefining \% on input line 3.
*geometry* driver: auto-detecting
*geometry* detected driver: pdftex
*geometry* verbose mode - [ preamble ] result:
* driver: pdftex
* paper: a4paper
* layout: <same size as paper>
* layoutoffset:(h,v)=(0.0pt,0.0pt)
* modes: 
* h-part:(L,W,R)=(56.9055pt, 483.69687pt, 56.9055pt)
* v-part:(T,H,B)=(42.67912pt, 759.6886pt, 42.67912pt)
* \paperwidth=597.50787pt
* \paperheight=845.04684pt
* \textwidth=483.69687pt
* \textheight=759.6886pt
* \oddsidemargin=-15.36449pt
* \evensidemargin=-15.36449pt
* \topmargin=-61.46466pt
* \headheight=12.0pt
* \headsep=19.8738pt
* \topskip=11.0pt
* \footskip=27.46295pt
* \marginparwidth=53.0pt
* \marginparsep=7.0pt
* \columnsep=10.0pt
* \skip\footins=10.0pt plus 4.0pt minus 2.0pt
* \hoffset=0.0pt
* \voffset=0.0pt
* \mag=1000
* \@twocolumnfalse
* \@twosidefalse
* \@mparswitchfalse
* \@reversemarginfalse
* (1in=72.27pt=25.4mm, 1cm=28.453pt)

\AtBeginShipoutBox=\box46

(D:\Computation\Programs\Portable\latex\miktex-portable\texmfs\install\tex/late
x/graphics\color.sty
Package: color 2019/11/23 v1.2a Standard LaTeX Color (DPC)

(D:\Computation\Programs\Portable\latex\miktex-portable\texmfs\install\tex/late
x/graphics-cfg\color.cfg
File: color.cfg 2016/01/02 v1.6 sample color configuration
)
Package color Info: Driver file: pdftex.def on input line 147.

(D:\Computation\Programs\Portable\latex\miktex-portable\texmfs\install\tex/late
x/graphics-def\pdftex.def
File: pdftex.def 2018/01/08 v1.0l Graphics/color driver for pdftex

(D:\Computation\Programs\Portable\latex\miktex-portable\texmfs\install\tex/cont
ext/base/mkii\supp-pdf.mkii
[Loading MPS to PDF converter (version 2006.09.02).]
\scratchcounter=\count193
\scratchdimen=\dimen148
\scratchbox=\box47
\nofMPsegments=\count194
\nofMParguments=\count195
\everyMPshowfont=\toks20
\MPscratchCnt=\count196
\MPscratchDim=\dimen149
\MPnumerator=\count197
\makeMPintoPDFobject=\count198
\everyMPtoPDFconversion=\toks21
)))
Package hyperref Info: Link coloring ON on input line 3.

(D:\Computation\Programs\Portable\latex\miktex-portable\texmfs\install\tex/late
x/hyperref\nameref.sty
Package: nameref 2019/09/16 v2.46 Cross-referencing by name of section

(D:\Computation\Programs\Portable\latex\miktex-portable\texmfs\install\tex/late
x/refcount\refcount.sty
Package: refcount 2019/12/15 v3.6 Data extraction from label references (HO)
)
(D:\Computation\Programs\Portable\latex\miktex-portable\texmfs\install\tex/gene
ric/gettitlestring\gettitlestring.sty
Package: gettitlestring 2019/12/15 v1.6 Cleanup title references (HO)
)
\c@section@level=\count199
)
LaTeX Info: Redefining \ref on input line 3.
LaTeX Info: Redefining \pageref on input line 3.
LaTeX Info: Redefining \nameref on input line 3.
\@outlinefile=\write3
\openout3 = `ch1.out'.


Cap\'{\i }tulo 1.
Package atveryend Info: Empty hook `BeforeClearDocument' on input line 7.
[1


{D:/Computation/Programs/Portable/latex/miktex-portable/texmfs/data/pdftex/conf
ig/pdftex.map}]
Package atveryend Info: Empty hook `AfterLastShipout' on input line 7.
 (ch1.aux
LaTeX Info: Redefining \. on input line 25.
LaTeX Info: Redefining \% on input line 25.
)
Package atveryend Info: Executing hook `AtVeryEndDocument' on input line 7.
Package atveryend Info: Executing hook `AtEndAfterFileList' on input line 7.


Package rerunfilecheck Warning: File `ch1.out' has changed.
(rerunfilecheck)                Rerun to get outlines right
(rerunfilecheck)                or use package `bookmark'.

Package rerunfilecheck Info: Checksums for `ch1.out':
(rerunfilecheck)             Before: <no file>
(rerunfilecheck)             After:  8AF23C1D813988E6E7F259072BDD4865;50.
Package atveryend Info: Empty hook `AtVeryVeryEnd' on input line 7.
 ) 
Here is how much of TeX's memory you used:
 6569 strings out of 480790
 105578 string characters out of 2902442
 380571 words of memory out of 3000000
 22487 multiletter control sequences out of 15000+200000
 533551 words of font info for 28 fonts, out of 3000000 for 9000
 1141 hyphenation exceptions out of 8191
 48i,5n,41p,229b,361s stack positions out of 5000i,500n,10000p,200000b,50000s
<D:/Computation/Programs/Portable/latex/miktex-portable/texmfs/install/fonts/
type1/public/amsfonts/cm/cmbx12.pfb><D:/Computation/Programs/Portable/latex/mik
tex-portable/texmfs/install/fonts/type1/public/amsfonts/cm/cmr10.pfb>
Output written on ch1.pdf (1 page, 19337 bytes).
PDF statistics:
 20 PDF objects out of 1000 (max. 8388607)
 3 named destinations out of 1000 (max. 500000)
 1 words of extra memory for PDF output out of 10000 (max. 10000000)

